\BOOKMARK [0][]{chapter.1}{Rover\040Esplorativi\040e\040di\040Assistenza:\040Scenari\040di\040missione}{}% 1
\BOOKMARK [1][]{section.1.1}{Dall'esplorazione\040robotica\040all'assistenza\040di\040equipaggi}{chapter.1}% 2
\BOOKMARK [1][]{section.1.2}{Rover\040Challenge\040Series:\040regolamento\040e\040requisiti\040nelle\040competizioni\040tra\040Rover}{chapter.1}% 3
\BOOKMARK [1][]{section.1.3}{Scenari\040affrontati\040nelle\040competizioni\040e\040ruolo\040di\040un\040manipolatore\040robotico}{chapter.1}% 4
\BOOKMARK [2][]{subsection.1.3.1}{Manutenzione}{section.1.3}% 5
\BOOKMARK [2][]{subsection.1.3.2}{Raccolta\040di\040campioni\040scientifici}{section.1.3}% 6
\BOOKMARK [2][]{subsection.1.3.3}{Scenario\040Fetch\040and\040Collect}{section.1.3}% 7
\BOOKMARK [0][]{chapter.2}{Analisi\040preliminare\040dei\040requisiti}{}% 8
\BOOKMARK [1][]{section.2.1}{Workspace\040necessario}{chapter.2}% 9
\BOOKMARK [1][]{section.2.2}{Gradi\040di\040libert\340\040necessari}{chapter.2}% 10
\BOOKMARK [1][]{section.2.3}{Task\040di\040manipolazione\040e\040destrezza:\040Worst\040case}{chapter.2}% 11
\BOOKMARK [0][]{chapter.3}{Design\040di\040un\040manipolatore\040a\0406\040gradi\040di\040libert\340}{}% 12
\BOOKMARK [1][]{section.3.1}{Descrizione\040del\040modello\040di\040Robot}{chapter.3}% 13
\BOOKMARK [1][]{section.3.2}{Modello\040multibody}{chapter.3}% 14
\BOOKMARK [0][]{chapter.4}{Attuatori\040per\040un\040progetto\040di\040robotica\040low-cost}{}% 15
\BOOKMARK [1][]{section.4.1}{Motoriduttori\040Passo-Passo,\040trasmissione\040del\040Moto\040e\040componenti\040utilizzati}{chapter.4}% 16
\BOOKMARK [2][]{subsection.4.1.1}{Joint\0401}{section.4.1}% 17
\BOOKMARK [2][]{subsection.4.1.2}{Joint\0402}{section.4.1}% 18
\BOOKMARK [2][]{subsection.4.1.3}{Cenni\040di\040controllo\040ad\040anello\040aperto}{section.4.1}% 19
\BOOKMARK [1][]{section.4.2}{Attuatori\040Lineari,\040Cinematismo\040Joint\0403}{chapter.4}% 20
\BOOKMARK [1][]{section.4.3}{Servomotori\040digitali:\040Dynamixel\040MX160}{chapter.4}% 21
\BOOKMARK [2][]{subsection.4.3.1}{Scelta\040ed\040integrazione,\040i\040vantaggi\040di\040un\040attuatore\040specifico\040per\040impiego\040robotico}{section.4.3}% 22
\BOOKMARK [0][]{chapter.5}{Polso\040sferico,\040design\040e\040scelte\040progettuali}{}% 23
\BOOKMARK [1][]{section.5.1}{Descrizione}{chapter.5}% 24
\BOOKMARK [1][]{section.5.2}{Ingombri\040ed\040integrazione}{chapter.5}% 25
\BOOKMARK [1][]{section.5.3}{Scelta\040dei\040Cuscinetti}{chapter.5}% 26
\BOOKMARK [1][]{section.5.4}{Metodo\040di\040Lewis}{chapter.5}% 27
\BOOKMARK [1][]{section.5.5}{Riduzione\040del\040numero\040minimo\040di\040denti:\040ingranamento\040elicoidale}{chapter.5}% 28
\BOOKMARK [1][]{section.5.6}{Dimensionamento\040di\040un\040rotismo\040stampato\040in\0403D,\040compromessi\040e\040assunzioni}{chapter.5}% 29
\BOOKMARK [1][]{section.5.7}{Risultati\040ottenuti\040dal\040dimensionamento}{chapter.5}% 30
\BOOKMARK [1][]{section.5.8}{Compromesso\040tra\040dimensionamento\040e\040ingombri}{chapter.5}% 31
\BOOKMARK [0][]{chapter.6}{Costruzione\040mediante\040manifattura\040additiva\040e\040assemblaggio}{}% 32
\BOOKMARK [1][]{section.6.1}{Studio\040del\040materiale\040da\040stampa\040ABSPlus\040P430}{chapter.6}% 33
\BOOKMARK [1][]{section.6.2}{Produzione\040dei\040componenti}{chapter.6}% 34
\BOOKMARK [1][]{section.6.3}{Assemblaggio}{chapter.6}% 35
\BOOKMARK [0][]{chapter.7}{Risultati\040attesi\040ed\040ottenuti\040dal\040Robot\040realizzato}{}% 36
\BOOKMARK [1][]{section.7.1}{Test\040e\040collaudo\040del\040Robot\040assemblato}{chapter.7}% 37
\BOOKMARK [1][]{section.7.2}{Carichi\040massimi\040applicati\040e\040precisione\040ottenuta}{chapter.7}% 38
\BOOKMARK [1][]{section.7.3}{Risultati\040nelle\040Competizioni\040studentesche\040}{chapter.7}% 39
\BOOKMARK [0][]{section.7.3}{Disegni\040ed\040elaborati\040tecnici}{}% 40
\BOOKMARK [0][]{section.7.3}{Bibliografia}{}% 41
